<?xml version="1.0" encoding="UTF-8"?>
<!-- Generated by org.testng.reporters.JUnitReportReporter -->
<testsuite skipped="0" hostname="USCBGWL10604" name="testCases.TC_002_Login" tests="1" failures="0" timestamp="2021-03-24T17:41:08 EDT" time="4.989" errors="0">
  <testcase name="test_Login" time="4.989" classname="testCases.TC_002_Login"/>
  <system-out/>
</testsuite> <!-- testCases.TC_002_Login -->
