<?xml version="1.0" encoding="UTF-8"?>
<!-- Generated by org.testng.reporters.JUnitReportReporter -->
<testsuite skipped="0" hostname="USCBGWL10604" name="testCases.TC_001_AccountRegistration" tests="1" failures="0" timestamp="2021-03-24T17:41:08 EDT" time="5.928" errors="0">
  <testcase name="test_accout_Registration" time="5.928" classname="testCases.TC_001_AccountRegistration"/>
  <system-out/>
</testsuite> <!-- testCases.TC_001_AccountRegistration -->
